C:\Program Files (x86)\Microsoft Visual Studio\2019\Community\MSBuild\Microsoft\VC\v160\Microsoft.CppBuild.targets(491,5): warning MSB8028: The intermediate directory (Debug\) contains files shared from another project (Summer2020project.vcxproj).  This can lead to incorrect clean and rebuild behavior.
  main.cpp
D:\College\OneDrive - Afeka College Of Engineering\Third year - 2020\Third Semester\גרפיקה ממוחשבת\Teaching unit 10\Summer2020project\Summer2020project\Summer2020project\Train.h(13,36): warning C4305: 'initializing': truncation from 'double' to 'float'
D:\College\OneDrive - Afeka College Of Engineering\Third year - 2020\Third Semester\גרפיקה ממוחשבת\Teaching unit 10\Summer2020project\Summer2020project\Summer2020project\Train.h(14,37): warning C4305: 'initializing': truncation from 'double' to 'float'
D:\College\OneDrive - Afeka College Of Engineering\Third year - 2020\Third Semester\גרפיקה ממוחשבת\Teaching unit 10\Summer2020project\Summer2020project\Summer2020project\Train.h(15,37): warning C4305: 'initializing': truncation from 'double' to 'float'
D:\College\OneDrive - Afeka College Of Engineering\Third year - 2020\Third Semester\גרפיקה ממוחשבת\Teaching unit 10\Summer2020project\Summer2020project\Summer2020project\Train.h(18,36): warning C4305: 'initializing': truncation from 'double' to 'float'
D:\College\OneDrive - Afeka College Of Engineering\Third year - 2020\Third Semester\גרפיקה ממוחשבת\Teaching unit 10\Summer2020project\Summer2020project\Summer2020project\Train.h(19,41): warning C4305: 'initializing': truncation from 'double' to 'float'
D:\College\OneDrive - Afeka College Of Engineering\Third year - 2020\Third Semester\גרפיקה ממוחשבת\Teaching unit 10\Summer2020project\Summer2020project\Summer2020project\Train.h(20,41): warning C4305: 'initializing': truncation from 'double' to 'float'
D:\College\OneDrive - Afeka College Of Engineering\Third year - 2020\Third Semester\גרפיקה ממוחשבת\Teaching unit 10\Summer2020project\Summer2020project\Summer2020project\Train.h(23,38): warning C4305: 'initializing': truncation from 'double' to 'float'
D:\College\OneDrive - Afeka College Of Engineering\Third year - 2020\Third Semester\גרפיקה ממוחשבת\Teaching unit 10\Summer2020project\Summer2020project\Summer2020project\Train.h(24,39): warning C4305: 'initializing': truncation from 'double' to 'float'
D:\College\OneDrive - Afeka College Of Engineering\Third year - 2020\Third Semester\גרפיקה ממוחשבת\Teaching unit 10\Summer2020project\Summer2020project\Summer2020project\Train.h(25,40): warning C4305: 'initializing': truncation from 'double' to 'float'
D:\College\OneDrive - Afeka College Of Engineering\Third year - 2020\Third Semester\גרפיקה ממוחשבת\Teaching unit 10\Summer2020project\Summer2020project\Summer2020project\Train.h(28,36): warning C4305: 'initializing': truncation from 'double' to 'float'
D:\College\OneDrive - Afeka College Of Engineering\Third year - 2020\Third Semester\גרפיקה ממוחשבת\Teaching unit 10\Summer2020project\Summer2020project\Summer2020project\Train.h(29,37): warning C4305: 'initializing': truncation from 'double' to 'float'
D:\College\OneDrive - Afeka College Of Engineering\Third year - 2020\Third Semester\גרפיקה ממוחשבת\Teaching unit 10\Summer2020project\Summer2020project\Summer2020project\Train.h(30,37): warning C4305: 'initializing': truncation from 'double' to 'float'
D:\College\OneDrive - Afeka College Of Engineering\Third year - 2020\Third Semester\גרפיקה ממוחשבת\Teaching unit 10\Summer2020project\Summer2020project\Summer2020project\main.cpp(84,34): warning C4305: 'initializing': truncation from 'double' to 'float'
D:\College\OneDrive - Afeka College Of Engineering\Third year - 2020\Third Semester\גרפיקה ממוחשבת\Teaching unit 10\Summer2020project\Summer2020project\Summer2020project\main.cpp(85,35): warning C4305: 'initializing': truncation from 'double' to 'float'
D:\College\OneDrive - Afeka College Of Engineering\Third year - 2020\Third Semester\גרפיקה ממוחשבת\Teaching unit 10\Summer2020project\Summer2020project\Summer2020project\main.cpp(87,30): warning C4305: 'initializing': truncation from 'double' to 'float'
D:\College\OneDrive - Afeka College Of Engineering\Third year - 2020\Third Semester\גרפיקה ממוחשבת\Teaching unit 10\Summer2020project\Summer2020project\Summer2020project\main.cpp(91,34): warning C4305: 'initializing': truncation from 'double' to 'float'
D:\College\OneDrive - Afeka College Of Engineering\Third year - 2020\Third Semester\גרפיקה ממוחשבת\Teaching unit 10\Summer2020project\Summer2020project\Summer2020project\main.cpp(92,35): warning C4305: 'initializing': truncation from 'double' to 'float'
D:\College\OneDrive - Afeka College Of Engineering\Third year - 2020\Third Semester\גרפיקה ממוחשבת\Teaching unit 10\Summer2020project\Summer2020project\Summer2020project\main.cpp(93,35): warning C4305: 'initializing': truncation from 'double' to 'float'
D:\College\OneDrive - Afeka College Of Engineering\Third year - 2020\Third Semester\גרפיקה ממוחשבת\Teaching unit 10\Summer2020project\Summer2020project\Summer2020project\main.cpp(97,34): warning C4305: 'initializing': truncation from 'double' to 'float'
D:\College\OneDrive - Afeka College Of Engineering\Third year - 2020\Third Semester\גרפיקה ממוחשבת\Teaching unit 10\Summer2020project\Summer2020project\Summer2020project\main.cpp(98,35): warning C4305: 'initializing': truncation from 'double' to 'float'
D:\College\OneDrive - Afeka College Of Engineering\Third year - 2020\Third Semester\גרפיקה ממוחשבת\Teaching unit 10\Summer2020project\Summer2020project\Summer2020project\main.cpp(99,35): warning C4305: 'initializing': truncation from 'double' to 'float'
D:\College\OneDrive - Afeka College Of Engineering\Third year - 2020\Third Semester\גרפיקה ממוחשבת\Teaching unit 10\Summer2020project\Summer2020project\Summer2020project\main.cpp(102,34): warning C4305: 'initializing': truncation from 'double' to 'float'
D:\College\OneDrive - Afeka College Of Engineering\Third year - 2020\Third Semester\גרפיקה ממוחשבת\Teaching unit 10\Summer2020project\Summer2020project\Summer2020project\main.cpp(103,35): warning C4305: 'initializing': truncation from 'double' to 'float'
D:\College\OneDrive - Afeka College Of Engineering\Third year - 2020\Third Semester\גרפיקה ממוחשבת\Teaching unit 10\Summer2020project\Summer2020project\Summer2020project\main.cpp(104,35): warning C4305: 'initializing': truncation from 'double' to 'float'
D:\College\OneDrive - Afeka College Of Engineering\Third year - 2020\Third Semester\גרפיקה ממוחשבת\Teaching unit 10\Summer2020project\Summer2020project\Summer2020project\main.cpp(107,36): warning C4305: 'initializing': truncation from 'double' to 'float'
D:\College\OneDrive - Afeka College Of Engineering\Third year - 2020\Third Semester\גרפיקה ממוחשבת\Teaching unit 10\Summer2020project\Summer2020project\Summer2020project\main.cpp(108,37): warning C4305: 'initializing': truncation from 'double' to 'float'
D:\College\OneDrive - Afeka College Of Engineering\Third year - 2020\Third Semester\גרפיקה ממוחשבת\Teaching unit 10\Summer2020project\Summer2020project\Summer2020project\main.cpp(109,38): warning C4305: 'initializing': truncation from 'double' to 'float'
D:\College\OneDrive - Afeka College Of Engineering\Third year - 2020\Third Semester\גרפיקה ממוחשבת\Teaching unit 10\Summer2020project\Summer2020project\Summer2020project\main.cpp(112,34): warning C4305: 'initializing': truncation from 'double' to 'float'
D:\College\OneDrive - Afeka College Of Engineering\Third year - 2020\Third Semester\גרפיקה ממוחשבת\Teaching unit 10\Summer2020project\Summer2020project\Summer2020project\main.cpp(113,35): warning C4305: 'initializing': truncation from 'double' to 'float'
D:\College\OneDrive - Afeka College Of Engineering\Third year - 2020\Third Semester\גרפיקה ממוחשבת\Teaching unit 10\Summer2020project\Summer2020project\Summer2020project\main.cpp(114,35): warning C4305: 'initializing': truncation from 'double' to 'float'
D:\College\OneDrive - Afeka College Of Engineering\Third year - 2020\Third Semester\גרפיקה ממוחשבת\Teaching unit 10\Summer2020project\Summer2020project\Summer2020project\main.cpp(117,34): warning C4305: 'initializing': truncation from 'double' to 'float'
D:\College\OneDrive - Afeka College Of Engineering\Third year - 2020\Third Semester\גרפיקה ממוחשבת\Teaching unit 10\Summer2020project\Summer2020project\Summer2020project\main.cpp(118,35): warning C4305: 'initializing': truncation from 'double' to 'float'
D:\College\OneDrive - Afeka College Of Engineering\Third year - 2020\Third Semester\גרפיקה ממוחשבת\Teaching unit 10\Summer2020project\Summer2020project\Summer2020project\main.cpp(119,35): warning C4305: 'initializing': truncation from 'double' to 'float'
D:\College\OneDrive - Afeka College Of Engineering\Third year - 2020\Third Semester\גרפיקה ממוחשבת\Teaching unit 10\Summer2020project\Summer2020project\Summer2020project\main.cpp(122,34): warning C4305: 'initializing': truncation from 'double' to 'float'
D:\College\OneDrive - Afeka College Of Engineering\Third year - 2020\Third Semester\גרפיקה ממוחשבת\Teaching unit 10\Summer2020project\Summer2020project\Summer2020project\main.cpp(123,39): warning C4305: 'initializing': truncation from 'double' to 'float'
D:\College\OneDrive - Afeka College Of Engineering\Third year - 2020\Third Semester\גרפיקה ממוחשבת\Teaching unit 10\Summer2020project\Summer2020project\Summer2020project\main.cpp(124,39): warning C4305: 'initializing': truncation from 'double' to 'float'
D:\College\OneDrive - Afeka College Of Engineering\Third year - 2020\Third Semester\גרפיקה ממוחשבת\Teaching unit 10\Summer2020project\Summer2020project\Summer2020project\main.cpp(127,34): warning C4305: 'initializing': truncation from 'double' to 'float'
D:\College\OneDrive - Afeka College Of Engineering\Third year - 2020\Third Semester\גרפיקה ממוחשבת\Teaching unit 10\Summer2020project\Summer2020project\Summer2020project\main.cpp(128,35): warning C4305: 'initializing': truncation from 'double' to 'float'
D:\College\OneDrive - Afeka College Of Engineering\Third year - 2020\Third Semester\גרפיקה ממוחשבת\Teaching unit 10\Summer2020project\Summer2020project\Summer2020project\main.cpp(129,35): warning C4305: 'initializing': truncation from 'double' to 'float'
D:\College\OneDrive - Afeka College Of Engineering\Third year - 2020\Third Semester\גרפיקה ממוחשבת\Teaching unit 10\Summer2020project\Summer2020project\Summer2020project\main.cpp(132,34): warning C4305: 'initializing': truncation from 'double' to 'float'
D:\College\OneDrive - Afeka College Of Engineering\Third year - 2020\Third Semester\גרפיקה ממוחשבת\Teaching unit 10\Summer2020project\Summer2020project\Summer2020project\main.cpp(133,35): warning C4305: 'initializing': truncation from 'double' to 'float'
D:\College\OneDrive - Afeka College Of Engineering\Third year - 2020\Third Semester\גרפיקה ממוחשבת\Teaching unit 10\Summer2020project\Summer2020project\Summer2020project\main.cpp(134,35): warning C4305: 'initializing': truncation from 'double' to 'float'
D:\College\OneDrive - Afeka College Of Engineering\Third year - 2020\Third Semester\גרפיקה ממוחשבת\Teaching unit 10\Summer2020project\Summer2020project\Summer2020project\main.cpp(137,34): warning C4305: 'initializing': truncation from 'double' to 'float'
D:\College\OneDrive - Afeka College Of Engineering\Third year - 2020\Third Semester\גרפיקה ממוחשבת\Teaching unit 10\Summer2020project\Summer2020project\Summer2020project\main.cpp(138,35): warning C4305: 'initializing': truncation from 'double' to 'float'
D:\College\OneDrive - Afeka College Of Engineering\Third year - 2020\Third Semester\גרפיקה ממוחשבת\Teaching unit 10\Summer2020project\Summer2020project\Summer2020project\main.cpp(139,35): warning C4305: 'initializing': truncation from 'double' to 'float'
D:\College\OneDrive - Afeka College Of Engineering\Third year - 2020\Third Semester\גרפיקה ממוחשבת\Teaching unit 10\Summer2020project\Summer2020project\Summer2020project\main.cpp(142,34): warning C4305: 'initializing': truncation from 'double' to 'float'
D:\College\OneDrive - Afeka College Of Engineering\Third year - 2020\Third Semester\גרפיקה ממוחשבת\Teaching unit 10\Summer2020project\Summer2020project\Summer2020project\main.cpp(143,35): warning C4305: 'initializing': truncation from 'double' to 'float'
D:\College\OneDrive - Afeka College Of Engineering\Third year - 2020\Third Semester\גרפיקה ממוחשבת\Teaching unit 10\Summer2020project\Summer2020project\Summer2020project\main.cpp(144,35): warning C4305: 'initializing': truncation from 'double' to 'float'
D:\College\OneDrive - Afeka College Of Engineering\Third year - 2020\Third Semester\גרפיקה ממוחשבת\Teaching unit 10\Summer2020project\Summer2020project\Summer2020project\main.cpp(269,12): warning C4244: 'argument': conversion from 'time_t' to 'unsigned int', possible loss of data
D:\College\OneDrive - Afeka College Of Engineering\Third year - 2020\Third Semester\גרפיקה ממוחשבת\Teaching unit 10\Summer2020project\Summer2020project\Summer2020project\main.cpp(270,31): warning C4305: 'argument': truncation from 'double' to 'GLclampf'
D:\College\OneDrive - Afeka College Of Engineering\Third year - 2020\Third Semester\גרפיקה ממוחשבת\Teaching unit 10\Summer2020project\Summer2020project\Summer2020project\main.cpp(905,23): warning C4244: '=': conversion from 'int' to 'float', possible loss of data
D:\College\OneDrive - Afeka College Of Engineering\Third year - 2020\Third Semester\גרפיקה ממוחשבת\Teaching unit 10\Summer2020project\Summer2020project\Summer2020project\main.cpp(907,12): warning C4244: '=': conversion from 'int' to 'float', possible loss of data
D:\College\OneDrive - Afeka College Of Engineering\Third year - 2020\Third Semester\גרפיקה ממוחשבת\Teaching unit 10\Summer2020project\Summer2020project\Summer2020project\main.cpp(2007,48): warning C4244: 'argument': conversion from 'int' to 'GLfloat', possible loss of data
D:\College\OneDrive - Afeka College Of Engineering\Third year - 2020\Third Semester\גרפיקה ממוחשבת\Teaching unit 10\Summer2020project\Summer2020project\Summer2020project\main.cpp(2014,48): warning C4244: 'argument': conversion from 'int' to 'GLfloat', possible loss of data
D:\College\OneDrive - Afeka College Of Engineering\Third year - 2020\Third Semester\גרפיקה ממוחשבת\Teaching unit 10\Summer2020project\Summer2020project\Summer2020project\main.cpp(2021,48): warning C4244: 'argument': conversion from 'int' to 'GLfloat', possible loss of data
D:\College\OneDrive - Afeka College Of Engineering\Third year - 2020\Third Semester\גרפיקה ממוחשבת\Teaching unit 10\Summer2020project\Summer2020project\Summer2020project\main.cpp(2028,48): warning C4244: 'argument': conversion from 'int' to 'GLfloat', possible loss of data
D:\College\OneDrive - Afeka College Of Engineering\Third year - 2020\Third Semester\גרפיקה ממוחשבת\Teaching unit 10\Summer2020project\Summer2020project\Summer2020project\main.cpp(2035,48): warning C4244: 'argument': conversion from 'int' to 'GLfloat', possible loss of data
D:\College\OneDrive - Afeka College Of Engineering\Third year - 2020\Third Semester\גרפיקה ממוחשבת\Teaching unit 10\Summer2020project\Summer2020project\Summer2020project\main.cpp(2042,48): warning C4244: 'argument': conversion from 'int' to 'GLfloat', possible loss of data
D:\College\OneDrive - Afeka College Of Engineering\Third year - 2020\Third Semester\גרפיקה ממוחשבת\Teaching unit 10\Summer2020project\Summer2020project\Summer2020project\main.cpp(2049,48): warning C4244: 'argument': conversion from 'int' to 'GLfloat', possible loss of data
D:\College\OneDrive - Afeka College Of Engineering\Third year - 2020\Third Semester\גרפיקה ממוחשבת\Teaching unit 10\Summer2020project\Summer2020project\Summer2020project\main.cpp(2056,48): warning C4244: 'argument': conversion from 'int' to 'GLfloat', possible loss of data
D:\College\OneDrive - Afeka College Of Engineering\Third year - 2020\Third Semester\גרפיקה ממוחשבת\Teaching unit 10\Summer2020project\Summer2020project\Summer2020project\main.cpp(2063,48): warning C4244: 'argument': conversion from 'int' to 'GLfloat', possible loss of data
D:\College\OneDrive - Afeka College Of Engineering\Third year - 2020\Third Semester\גרפיקה ממוחשבת\Teaching unit 10\Summer2020project\Summer2020project\Summer2020project\main.cpp(2070,48): warning C4244: 'argument': conversion from 'int' to 'GLfloat', possible loss of data
D:\College\OneDrive - Afeka College Of Engineering\Third year - 2020\Third Semester\גרפיקה ממוחשבת\Teaching unit 10\Summer2020project\Summer2020project\Summer2020project\main.cpp(2302,1): warning C4326: return type of 'main' should be 'int' instead of 'void'
  Summer2020project.vcxproj -> D:\College\OneDrive - Afeka College Of Engineering\Third year - 2020\Third Semester\גרפיקה ממוחשבת\Teaching unit 10\Summer2020project\Summer2020project\Debug\Summer2020project.exe
