  main.cpp
C:\Victor\Work\Graphics\Summer 2020\vs2019test\vs2017test\vs2017test\main.cpp(48,34): warning C4305: 'initializing': truncation from 'double' to 'float'
C:\Victor\Work\Graphics\Summer 2020\vs2019test\vs2017test\vs2017test\main.cpp(49,35): warning C4305: 'initializing': truncation from 'double' to 'float'
C:\Victor\Work\Graphics\Summer 2020\vs2019test\vs2017test\vs2017test\main.cpp(51,30): warning C4305: 'initializing': truncation from 'double' to 'float'
C:\Victor\Work\Graphics\Summer 2020\vs2019test\vs2017test\vs2017test\main.cpp(55,34): warning C4305: 'initializing': truncation from 'double' to 'float'
C:\Victor\Work\Graphics\Summer 2020\vs2019test\vs2017test\vs2017test\main.cpp(56,35): warning C4305: 'initializing': truncation from 'double' to 'float'
C:\Victor\Work\Graphics\Summer 2020\vs2019test\vs2017test\vs2017test\main.cpp(57,35): warning C4305: 'initializing': truncation from 'double' to 'float'
C:\Victor\Work\Graphics\Summer 2020\vs2019test\vs2017test\vs2017test\main.cpp(61,34): warning C4305: 'initializing': truncation from 'double' to 'float'
C:\Victor\Work\Graphics\Summer 2020\vs2019test\vs2017test\vs2017test\main.cpp(62,35): warning C4305: 'initializing': truncation from 'double' to 'float'
C:\Victor\Work\Graphics\Summer 2020\vs2019test\vs2017test\vs2017test\main.cpp(63,35): warning C4305: 'initializing': truncation from 'double' to 'float'
C:\Victor\Work\Graphics\Summer 2020\vs2019test\vs2017test\vs2017test\main.cpp(66,34): warning C4305: 'initializing': truncation from 'double' to 'float'
C:\Victor\Work\Graphics\Summer 2020\vs2019test\vs2017test\vs2017test\main.cpp(67,35): warning C4305: 'initializing': truncation from 'double' to 'float'
C:\Victor\Work\Graphics\Summer 2020\vs2019test\vs2017test\vs2017test\main.cpp(68,35): warning C4305: 'initializing': truncation from 'double' to 'float'
C:\Victor\Work\Graphics\Summer 2020\vs2019test\vs2017test\vs2017test\main.cpp(71,36): warning C4305: 'initializing': truncation from 'double' to 'float'
C:\Victor\Work\Graphics\Summer 2020\vs2019test\vs2017test\vs2017test\main.cpp(72,37): warning C4305: 'initializing': truncation from 'double' to 'float'
C:\Victor\Work\Graphics\Summer 2020\vs2019test\vs2017test\vs2017test\main.cpp(73,38): warning C4305: 'initializing': truncation from 'double' to 'float'
C:\Victor\Work\Graphics\Summer 2020\vs2019test\vs2017test\vs2017test\main.cpp(76,34): warning C4305: 'initializing': truncation from 'double' to 'float'
C:\Victor\Work\Graphics\Summer 2020\vs2019test\vs2017test\vs2017test\main.cpp(77,35): warning C4305: 'initializing': truncation from 'double' to 'float'
C:\Victor\Work\Graphics\Summer 2020\vs2019test\vs2017test\vs2017test\main.cpp(78,35): warning C4305: 'initializing': truncation from 'double' to 'float'
C:\Victor\Work\Graphics\Summer 2020\vs2019test\vs2017test\vs2017test\main.cpp(236,12): warning C4244: 'argument': conversion from 'time_t' to 'unsigned int', possible loss of data
C:\Victor\Work\Graphics\Summer 2020\vs2019test\vs2017test\vs2017test\main.cpp(238,31): warning C4305: 'argument': truncation from 'double' to 'GLclampf'
C:\Victor\Work\Graphics\Summer 2020\vs2019test\vs2017test\vs2017test\main.cpp(235,9): warning C4101: 'j': unreferenced local variable
C:\Victor\Work\Graphics\Summer 2020\vs2019test\vs2017test\vs2017test\main.cpp(1156,36): warning C4101: 'len': unreferenced local variable
C:\Victor\Work\Graphics\Summer 2020\vs2019test\vs2017test\vs2017test\main.cpp(1390,14): warning C4101: 'beta': unreferenced local variable
C:\Victor\Work\Graphics\Summer 2020\vs2019test\vs2017test\vs2017test\main.cpp(1390,12): warning C4101: 'y': unreferenced local variable
C:\Victor\Work\Graphics\Summer 2020\vs2019test\vs2017test\vs2017test\main.cpp(1390,9): warning C4101: 'x': unreferenced local variable
C:\Victor\Work\Graphics\Summer 2020\vs2019test\vs2017test\vs2017test\main.cpp(1458,15): warning C4101: 'beta': unreferenced local variable
C:\Victor\Work\Graphics\Summer 2020\vs2019test\vs2017test\vs2017test\main.cpp(1458,12): warning C4101: 'y': unreferenced local variable
C:\Victor\Work\Graphics\Summer 2020\vs2019test\vs2017test\vs2017test\main.cpp(1458,9): warning C4101: 'x': unreferenced local variable
C:\Victor\Work\Graphics\Summer 2020\vs2019test\vs2017test\vs2017test\main.cpp(1498,15): warning C4101: 'beta': unreferenced local variable
C:\Victor\Work\Graphics\Summer 2020\vs2019test\vs2017test\vs2017test\main.cpp(1498,12): warning C4101: 'y': unreferenced local variable
C:\Victor\Work\Graphics\Summer 2020\vs2019test\vs2017test\vs2017test\main.cpp(1498,9): warning C4101: 'x': unreferenced local variable
C:\Victor\Work\Graphics\Summer 2020\vs2019test\vs2017test\vs2017test\main.cpp(1539,15): warning C4101: 'beta': unreferenced local variable
C:\Victor\Work\Graphics\Summer 2020\vs2019test\vs2017test\vs2017test\main.cpp(1539,12): warning C4101: 'y': unreferenced local variable
C:\Victor\Work\Graphics\Summer 2020\vs2019test\vs2017test\vs2017test\main.cpp(1539,9): warning C4101: 'x': unreferenced local variable
C:\Victor\Work\Graphics\Summer 2020\vs2019test\vs2017test\vs2017test\main.cpp(1614,9): warning C4101: 'dist': unreferenced local variable
C:\Victor\Work\Graphics\Summer 2020\vs2019test\vs2017test\vs2017test\main.cpp(1613,9): warning C4101: 'j': unreferenced local variable
C:\Victor\Work\Graphics\Summer 2020\vs2019test\vs2017test\vs2017test\main.cpp(1613,6): warning C4101: 'i': unreferenced local variable
C:\Victor\Work\Graphics\Summer 2020\vs2019test\vs2017test\vs2017test\main.cpp(1733,1): warning C4326: return type of 'main' should be 'int' instead of 'void'
main.obj : error LNK2019: unresolved external symbol __imp_glutInitWindowPosition referenced in function main
main.obj : error LNK2019: unresolved external symbol __imp_glutInitWindowSize referenced in function main
main.obj : error LNK2019: unresolved external symbol __imp_glutInitDisplayMode referenced in function main
main.obj : error LNK2019: unresolved external symbol __imp_glutMainLoop referenced in function main
main.obj : error LNK2019: unresolved external symbol __imp_glutPostRedisplay referenced in function "void __cdecl idle(void)" (?idle@@YAXXZ)
main.obj : error LNK2019: unresolved external symbol __imp_glutSwapBuffers referenced in function "void __cdecl display(void)" (?display@@YAXXZ)
main.obj : error LNK2019: unresolved external symbol __imp_glutAddMenuEntry referenced in function main
main.obj : error LNK2019: unresolved external symbol __imp_glutAttachMenu referenced in function main
main.obj : error LNK2019: unresolved external symbol __imp_glutIdleFunc referenced in function main
main.obj : error LNK2019: unresolved external symbol __imp_glutKeyboardFunc referenced in function main
main.obj : error LNK2019: unresolved external symbol __imp_glutSpecialFunc referenced in function main
main.obj : error LNK2019: unresolved external symbol __imp_glutDisplayFunc referenced in function "void __cdecl menu(int)" (?menu@@YAXH@Z)
main.obj : error LNK2019: unresolved external symbol __imp_glutMouseFunc referenced in function main
main.obj : error LNK2019: unresolved external symbol __imp_glutMotionFunc referenced in function main
main.obj : error LNK2019: unresolved external symbol __imp___glutInitWithExit referenced in function glutInit_ATEXIT_HACK
main.obj : error LNK2019: unresolved external symbol __imp___glutCreateWindowWithExit referenced in function glutCreateWindow_ATEXIT_HACK
main.obj : error LNK2019: unresolved external symbol __imp___glutCreateMenuWithExit referenced in function glutCreateMenu_ATEXIT_HACK
freeglut.lib : warning LNK4272: library machine type 'x86' conflicts with target machine type 'x64'
C:\Victor\Work\Graphics\Summer 2020\vs2019test\vs2017test\x64\Debug\vs2017test.exe : fatal error LNK1120: 17 unresolved externals
